[INFO] Scanning for projects...
[WARNING]
[WARNING] Some problems were encountered while building the effective model for com.ruoyi:ruoyi-auth:jar:3.6.4
[WARNING] 'build.plugins.plugin.version' for org.apache.maven.plugins:maven-compiler-plugin is missing. @ com.ruoyi:ruoyi:3.6.4, /app/pom.xml, line 232, column 21
[WARNING]
[WARNING] Some problems were encountered while building the effective model for com.ruoyi:ruoyi-gateway:jar:3.6.4
[WARNING] 'build.plugins.plugin.version' for org.apache.maven.plugins:maven-compiler-plugin is missing. @ com.ruoyi:ruoyi:3.6.4, /app/pom.xml, line 232, column 21
[WARNING]
[WARNING] Some problems were encountered while building the effective model for com.ruoyi:ruoyi-visual-monitor:jar:3.6.4
[WARNING] 'build.plugins.plugin.version' for org.apache.maven.plugins:maven-compiler-plugin is missing. @ com.ruoyi:ruoyi:3.6.4, /app/pom.xml, line 232, column 21
[WARNING]
[WARNING] Some problems were encountered while building the effective model for com.ruoyi:ruoyi-visual:pom:3.6.4
[WARNING] 'build.plugins.plugin.version' for org.apache.maven.plugins:maven-compiler-plugin is missing. @ com.ruoyi:ruoyi:3.6.4, /app/pom.xml, line 232, column 21
[WARNING]
[WARNING] Some problems were encountered while building the effective model for com.ruoyi:ruoyi-modules-system:jar:3.6.4
[WARNING] 'build.plugins.plugin.version' for org.apache.maven.plugins:maven-compiler-plugin is missing. @ com.ruoyi:ruoyi:3.6.4, /app/pom.xml, line 232, column 21
[WARNING]
[WARNING] Some problems were encountered while building the effective model for com.ruoyi:ruoyi-modules-gen:jar:3.6.4
[WARNING] 'build.plugins.plugin.version' for org.apache.maven.plugins:maven-compiler-plugin is missing. @ com.ruoyi:ruoyi:3.6.4, /app/pom.xml, line 232, column 21
[WARNING]
[WARNING] Some problems were encountered while building the effective model for com.ruoyi:ruoyi-modules-job:jar:3.6.4
[WARNING] 'build.plugins.plugin.version' for org.apache.maven.plugins:maven-compiler-plugin is missing. @ com.ruoyi:ruoyi:3.6.4, /app/pom.xml, line 232, column 21
[WARNING]
[WARNING] Some problems were encountered while building the effective model for com.ruoyi:ruoyi-modules-file:jar:3.6.4
[WARNING] 'build.plugins.plugin.version' for org.apache.maven.plugins:maven-compiler-plugin is missing. @ com.ruoyi:ruoyi:3.6.4, /app/pom.xml, line 232, column 21
[WARNING]
[WARNING] Some problems were encountered while building the effective model for com.ruoyi:ruoyi-modules:pom:3.6.4
[WARNING] 'build.plugins.plugin.version' for org.apache.maven.plugins:maven-compiler-plugin is missing. @ com.ruoyi:ruoyi:3.6.4, /app/pom.xml, line 232, column 21
[WARNING]
[WARNING] Some problems were encountered while building the effective model for com.ruoyi:ruoyi-api-system:jar:3.6.4
[WARNING] 'build.plugins.plugin.version' for org.apache.maven.plugins:maven-compiler-plugin is missing. @ com.ruoyi:ruoyi:3.6.4, /app/pom.xml, line 232, column 21
[WARNING]
[WARNING] Some problems were encountered while building the effective model for com.ruoyi:ruoyi-api:pom:3.6.4
[WARNING] 'build.plugins.plugin.version' for org.apache.maven.plugins:maven-compiler-plugin is missing. @ com.ruoyi:ruoyi:3.6.4, /app/pom.xml, line 232, column 21
[WARNING]
[WARNING] Some problems were encountered while building the effective model for com.ruoyi:ruoyi-common-log:jar:3.6.4
[WARNING] 'build.plugins.plugin.version' for org.apache.maven.plugins:maven-compiler-plugin is missing. @ com.ruoyi:ruoyi:3.6.4, /app/pom.xml, line 232, column 21
[WARNING]
[WARNING] Some problems were encountered while building the effective model for com.ruoyi:ruoyi-common-core:jar:3.6.4
[WARNING] 'build.plugins.plugin.version' for org.apache.maven.plugins:maven-compiler-plugin is missing. @ com.ruoyi:ruoyi:3.6.4, /app/pom.xml, line 232, column 21
[WARNING]
[WARNING] Some problems were encountered while building the effective model for com.ruoyi:ruoyi-common-redis:jar:3.6.4
[WARNING] 'build.plugins.plugin.version' for org.apache.maven.plugins:maven-compiler-plugin is missing. @ com.ruoyi:ruoyi:3.6.4, /app/pom.xml, line 232, column 21
[WARNING]
[WARNING] Some problems were encountered while building the effective model for com.ruoyi:ruoyi-common-seata:jar:3.6.4
[WARNING] 'build.plugins.plugin.version' for org.apache.maven.plugins:maven-compiler-plugin is missing. @ com.ruoyi:ruoyi:3.6.4, /app/pom.xml, line 232, column 21
[WARNING]
[WARNING] Some problems were encountered while building the effective model for com.ruoyi:ruoyi-common-swagger:jar:3.6.4
[WARNING] 'build.plugins.plugin.version' for org.apache.maven.plugins:maven-compiler-plugin is missing. @ com.ruoyi:ruoyi:3.6.4, /app/pom.xml, line 232, column 21
[WARNING]
[WARNING] Some problems were encountered while building the effective model for com.ruoyi:ruoyi-common-security:jar:3.6.4
[WARNING] 'build.plugins.plugin.version' for org.apache.maven.plugins:maven-compiler-plugin is missing. @ com.ruoyi:ruoyi:3.6.4, /app/pom.xml, line 232, column 21
[WARNING]
[WARNING] Some problems were encountered while building the effective model for com.ruoyi:ruoyi-common-datascope:jar:3.6.4
[WARNING] 'build.plugins.plugin.version' for org.apache.maven.plugins:maven-compiler-plugin is missing. @ com.ruoyi:ruoyi:3.6.4, /app/pom.xml, line 232, column 21
[WARNING]
[WARNING] Some problems were encountered while building the effective model for com.ruoyi:ruoyi-common-datasource:jar:3.6.4
[WARNING] 'build.plugins.plugin.version' for org.apache.maven.plugins:maven-compiler-plugin is missing. @ com.ruoyi:ruoyi:3.6.4, /app/pom.xml, line 232, column 21
[WARNING]
[WARNING] Some problems were encountered while building the effective model for com.ruoyi:ruoyi-common:pom:3.6.4
[WARNING] 'build.plugins.plugin.version' for org.apache.maven.plugins:maven-compiler-plugin is missing. @ com.ruoyi:ruoyi:3.6.4, /app/pom.xml, line 232, column 21
[WARNING]
[WARNING] Some problems were encountered while building the effective model for com.ruoyi:ruoyi:pom:3.6.4
[WARNING] 'build.plugins.plugin.version' for org.apache.maven.plugins:maven-compiler-plugin is missing. @ line 232, column 21
[WARNING]
[WARNING] It is highly recommended to fix these problems because they threaten the stability of your build.
[WARNING]
[WARNING] For this reason, future Maven versions might no longer support building such malformed projects.
[WARNING]
[INFO] ------------------------------------------------------------------------
[INFO] Reactor Build Order:
[INFO]
[INFO] ruoyi                                                              [pom]
[INFO] ruoyi-common                                                       [pom]
[INFO] ruoyi-common-core                                                  [jar]
[INFO] ruoyi-api                                                          [pom]
[INFO] ruoyi-api-system                                                   [jar]
[INFO] ruoyi-common-redis                                                 [jar]
[INFO] ruoyi-common-security                                              [jar]
[INFO] ruoyi-auth                                                         [jar]
[INFO]
[INFO] --------------------------< com.ruoyi:ruoyi >---------------------------
[INFO] Building ruoyi 3.6.4                                               [1/8]
[INFO]   from pom.xml
[INFO] --------------------------------[ pom ]---------------------------------
[WARNING] Ignoring incompatible plugin version 4.0.0-beta-4:
The plugin org.apache.maven.plugins:maven-compiler-plugin:4.0.0-beta-4 has unmet prerequisites:
	Required Maven version 4.0.0-rc-4 is not met by current version 3.9.12
[INFO] Latest version of plugin org.apache.maven.plugins:maven-compiler-plugin failed compatibility check
[INFO] Looking for compatible RELEASE version of plugin org.apache.maven.plugins:maven-compiler-plugin
[WARNING] Ignoring incompatible plugin version 4.0.0-beta-3:
The plugin org.apache.maven.plugins:maven-compiler-plugin:4.0.0-beta-3 has unmet prerequisites:
	Required Maven version 4.0.0-rc-4 is not met by current version 3.9.12
[WARNING] Ignoring incompatible plugin version 4.0.0-beta-2:
The plugin org.apache.maven.plugins:maven-compiler-plugin:4.0.0-beta-2 has unmet prerequisites:
	Required Maven version 4.0.0-rc-2 is not met by current version 3.9.12
[WARNING] Ignoring incompatible plugin version 4.0.0-beta-1:
The plugin org.apache.maven.plugins:maven-compiler-plugin:4.0.0-beta-1 has unmet prerequisites:
	Required Maven version 4.0.0-beta-3 is not met by current version 3.9.12
[INFO] Selected plugin org.apache.maven.plugins:maven-compiler-plugin:3.15.0
[INFO]
[INFO] --- clean:3.2.0:clean (default-clean) @ ruoyi ---
[INFO]
[INFO] -----------------------< com.ruoyi:ruoyi-common >-----------------------
[INFO] Building ruoyi-common 3.6.4                                        [2/8]
[INFO]   from ruoyi-common/pom.xml
[INFO] --------------------------------[ pom ]---------------------------------
[INFO]
[INFO] --- clean:3.2.0:clean (default-clean) @ ruoyi-common ---
[INFO]
[INFO] --------------------< com.ruoyi:ruoyi-common-core >---------------------
[INFO] Building ruoyi-common-core 3.6.4                                   [3/8]
[INFO]   from ruoyi-common/ruoyi-common-core/pom.xml
[INFO] --------------------------------[ jar ]---------------------------------
[INFO]
[INFO] --- clean:3.2.0:clean (default-clean) @ ruoyi-common-core ---
[INFO] Deleting /app/ruoyi-common/ruoyi-common-core/target
[INFO]
[INFO] --- resources:3.3.1:resources (default-resources) @ ruoyi-common-core ---
[INFO] Copying 1 resource from src/main/resources to target/classes
[INFO]
[INFO] --- compiler:3.13.0:compile (default-compile) @ ruoyi-common-core ---
[INFO] Recompiling the module because of changed source code.
[INFO] Compiling 71 source files with javac [debug target 1.8] to target/classes
[WARNING] bootstrap class path not set in conjunction with -source 8
[WARNING] source value 8 is obsolete and will be removed in a future release
[WARNING] target value 8 is obsolete and will be removed in a future release
[WARNING] To suppress warnings about obsolete options, use -Xlint:-options.
[INFO] /app/ruoyi-common/ruoyi-common-core/src/main/java/com/ruoyi/common/core/annotation/Excel.java: Some input files use or override a deprecated API.
[INFO] /app/ruoyi-common/ruoyi-common-core/src/main/java/com/ruoyi/common/core/annotation/Excel.java: Recompile with -Xlint:deprecation for details.
[INFO]
[INFO] ------------------------< com.ruoyi:ruoyi-api >-------------------------
[INFO] Building ruoyi-api 3.6.4                                           [4/8]
[INFO]   from ruoyi-api/pom.xml
[INFO] --------------------------------[ pom ]---------------------------------
[INFO]
[INFO] --- clean:3.2.0:clean (default-clean) @ ruoyi-api ---
[INFO]
[INFO] ---------------------< com.ruoyi:ruoyi-api-system >---------------------
[INFO] Building ruoyi-api-system 3.6.4                                    [5/8]
[INFO]   from ruoyi-api/ruoyi-api-system/pom.xml
[INFO] --------------------------------[ jar ]---------------------------------
[INFO]
[INFO] --- clean:3.2.0:clean (default-clean) @ ruoyi-api-system ---
[INFO] Deleting /app/ruoyi-api/ruoyi-api-system/target
[INFO]
[INFO] --- resources:3.3.1:resources (default-resources) @ ruoyi-api-system ---
[INFO] Copying 1 resource from src/main/resources to target/classes
[INFO]
[INFO] --- compiler:3.13.0:compile (default-compile) @ ruoyi-api-system ---
[INFO] Recompiling the module because of changed dependency.
[INFO] Compiling 15 source files with javac [debug target 1.8] to target/classes
[WARNING] bootstrap class path not set in conjunction with -source 8
[WARNING] source value 8 is obsolete and will be removed in a future release
[WARNING] target value 8 is obsolete and will be removed in a future release
[WARNING] To suppress warnings about obsolete options, use -Xlint:-options.
[INFO]
[INFO] --------------------< com.ruoyi:ruoyi-common-redis >--------------------
[INFO] Building ruoyi-common-redis 3.6.4                                  [6/8]
[INFO]   from ruoyi-common/ruoyi-common-redis/pom.xml
[INFO] --------------------------------[ jar ]---------------------------------
[INFO]
[INFO] --- clean:3.2.0:clean (default-clean) @ ruoyi-common-redis ---
[INFO] Deleting /app/ruoyi-common/ruoyi-common-redis/target
[INFO]
[INFO] --- resources:3.3.1:resources (default-resources) @ ruoyi-common-redis ---
[INFO] Copying 1 resource from src/main/resources to target/classes
[INFO]
[INFO] --- compiler:3.13.0:compile (default-compile) @ ruoyi-common-redis ---
[INFO] Recompiling the module because of changed dependency.
[INFO] Compiling 3 source files with javac [debug target 1.8] to target/classes
[WARNING] bootstrap class path not set in conjunction with -source 8
[WARNING] source value 8 is obsolete and will be removed in a future release
[WARNING] target value 8 is obsolete and will be removed in a future release
[WARNING] To suppress warnings about obsolete options, use -Xlint:-options.
[INFO]
[INFO] ------------------< com.ruoyi:ruoyi-common-security >-------------------
[INFO] Building ruoyi-common-security 3.6.4                               [7/8]
[INFO]   from ruoyi-common/ruoyi-common-security/pom.xml
[INFO] --------------------------------[ jar ]---------------------------------
[INFO]
[INFO] --- clean:3.2.0:clean (default-clean) @ ruoyi-common-security ---
[INFO] Deleting /app/ruoyi-common/ruoyi-common-security/target
[INFO]
[INFO] --- resources:3.3.1:resources (default-resources) @ ruoyi-common-security ---
[INFO] Copying 1 resource from src/main/resources to target/classes
[INFO]
[INFO] --- compiler:3.13.0:compile (default-compile) @ ruoyi-common-security ---
[INFO] Recompiling the module because of changed dependency.
[INFO] Compiling 20 source files with javac [debug target 1.8] to target/classes
[WARNING] bootstrap class path not set in conjunction with -source 8
[WARNING] source value 8 is obsolete and will be removed in a future release
[WARNING] target value 8 is obsolete and will be removed in a future release
[WARNING] To suppress warnings about obsolete options, use -Xlint:-options.
[INFO]
[INFO] ------------------------< com.ruoyi:ruoyi-auth >------------------------
[INFO] Building ruoyi-auth 3.6.4                                          [8/8]
[INFO]   from ruoyi-auth/pom.xml
[INFO] --------------------------------[ jar ]---------------------------------
[INFO]
[INFO] --- clean:3.2.0:clean (default-clean) @ ruoyi-auth ---
[INFO] Deleting /app/ruoyi-auth/target
[INFO]
[INFO] --- resources:3.3.1:resources (default-resources) @ ruoyi-auth ---
[INFO] Copying 3 resources from src/main/resources to target/classes
[INFO]
[INFO] --- compiler:3.13.0:compile (default-compile) @ ruoyi-auth ---
[INFO] Recompiling the module because of changed dependency.
[INFO] Compiling 9 source files with javac [debug target 1.8] to target/classes
[WARNING] bootstrap class path not set in conjunction with -source 8
[WARNING] source value 8 is obsolete and will be removed in a future release
[WARNING] target value 8 is obsolete and will be removed in a future release
[WARNING] To suppress warnings about obsolete options, use -Xlint:-options.
[INFO] /app/ruoyi-auth/src/main/java/com/ruoyi/auth/controller/SsoController.java: /app/ruoyi-auth/src/main/java/com/ruoyi/auth/controller/SsoController.java uses unchecked or unsafe operations.
[INFO] /app/ruoyi-auth/src/main/java/com/ruoyi/auth/controller/SsoController.java: Recompile with -Xlint:unchecked for details.
[INFO] ------------------------------------------------------------------------
[INFO] Reactor Summary for ruoyi 3.6.4:
[INFO]
[INFO] ruoyi .............................................. SUCCESS [  0.223 s]
[INFO] ruoyi-common ....................................... SUCCESS [  0.002 s]
[INFO] ruoyi-common-core .................................. SUCCESS [  3.130 s]
[INFO] ruoyi-api .......................................... SUCCESS [  0.010 s]
[INFO] ruoyi-api-system ................................... SUCCESS [  0.536 s]
[INFO] ruoyi-common-redis ................................. SUCCESS [  0.491 s]
[INFO] ruoyi-common-security .............................. SUCCESS [  0.509 s]
[INFO] ruoyi-auth ......................................... SUCCESS [  0.545 s]
[INFO] ------------------------------------------------------------------------
[INFO] BUILD SUCCESS
[INFO] ------------------------------------------------------------------------
[INFO] Total time:  5.956 s
[INFO] Finished at: 2026-04-18T07:55:50Z
[INFO] ------------------------------------------------------------------------
